[
  {
    "rule": {
      "level": 15,
      "description": "Sysmon - Process Creation - mimikatz.exe",
      "id": "184665",
      "groups": ["sysmon", "sysmon_process-creation"]
    },
    "data": {
      "win": {
        "system": {
          "providerName": "Microsoft-Windows-Sysmon",
          "providerGuid": "{5770385F-C22A-43E0-BF4C-06F5698FFBD9}",
          "eventID": "1",
          "version": "5",
          "level": "4",
          "task": "1",
          "opcode": "0",
          "keywords": "0x8000000000000000",
          "systemTime": "2025-01-15T14:22:33.451Z",
          "eventRecordID": "104521",
          "channel": "Microsoft-Windows-Sysmon/Operational",
          "computer": "WORKSTATION-01.corp.local"
        },
        "eventdata": {
          "utcTime": "2025-01-15 14:22:33.442",
          "processGuid": "{A1B2C3D4-1122-65AE-0100-000000001200}",
          "processId": "7832",
          "image": "C:\\Users\\admin\\Desktop\\mimikatz.exe",
          "fileVersion": "2.2.0.0",
          "description": "mimikatz for Windows",
          "product": "mimikatz",
          "company": "gentilkiwi (Benjamin DELPY)",
          "originalFileName": "mimikatz.exe",
          "commandLine": "mimikatz.exe \"privilege::debug\" \"sekurlsa::logonpasswords\" exit",
          "currentDirectory": "C:\\Users\\admin\\Desktop\\",
          "user": "CORP\\admin",
          "logonGuid": "{A1B2C3D4-0901-65AE-B3A2-110000000000}",
          "logonId": "0x11a2b3",
          "terminalSessionId": "1",
          "integrityLevel": "High",
          "hashes": "SHA256=61C0810A23580CF492A6BA4F7654566108331E7A4134C968C2D6A05261B2D8A1",
          "parentProcessGuid": "{A1B2C3D4-1100-65AE-0100-000000001100}",
          "parentProcessId": "5624",
          "parentImage": "C:\\Windows\\System32\\cmd.exe",
          "parentCommandLine": "\"C:\\Windows\\System32\\cmd.exe\"",
          "parentUser": "CORP\\admin"
        }
      }
    },
    "location": "EventChannel",
    "timestamp": "2025-01-15T14:22:33.451+0000"
  },
  {
    "rule": {
      "level": 15,
      "description": "Sysmon - Process Creation - Renamed mimikatz.exe",
      "id": "184665",
      "groups": ["sysmon", "sysmon_process-creation"]
    },
    "data": {
      "win": {
        "system": {
          "providerName": "Microsoft-Windows-Sysmon",
          "providerGuid": "{5770385F-C22A-43E0-BF4C-06F5698FFBD9}",
          "eventID": "1",
          "version": "5",
          "level": "4",
          "task": "1",
          "opcode": "0",
          "keywords": "0x8000000000000000",
          "systemTime": "2025-01-15T14:35:12.887Z",
          "eventRecordID": "104589",
          "channel": "Microsoft-Windows-Sysmon/Operational",
          "computer": "WORKSTATION-01.corp.local"
        },
        "eventdata": {
          "utcTime": "2025-01-15 14:35:12.873",
          "processGuid": "{A1B2C3D4-1133-65AE-0100-000000001300}",
          "processId": "9104",
          "image": "C:\\Temp\\mimi.exe",
          "fileVersion": "2.2.0.0",
          "description": "mimikatz for Windows",
          "product": "mimikatz",
          "company": "gentilkiwi (Benjamin DELPY)",
          "originalFileName": "mimikatz.exe",
          "commandLine": "mimi.exe \"privilege::debug\" \"sekurlsa::logonpasswords\" exit",
          "currentDirectory": "C:\\Temp\\",
          "user": "CORP\\admin",
          "logonGuid": "{A1B2C3D4-0901-65AE-B3A2-110000000000}",
          "logonId": "0x11a2b3",
          "terminalSessionId": "1",
          "integrityLevel": "High",
          "hashes": "SHA256=3B4A7D2E8F1C6A9D5E0B2F4C7A8D1E3F6B9C0D2A5E8F1B4C7D0A3E6F9B2C5D8",
          "parentProcessGuid": "{A1B2C3D4-1100-65AE-0100-000000001100}",
          "parentProcessId": "5624",
          "parentImage": "C:\\Windows\\System32\\cmd.exe",
          "parentCommandLine": "\"C:\\Windows\\System32\\cmd.exe\"",
          "parentUser": "CORP\\admin"
        }
      }
    },
    "location": "EventChannel",
    "timestamp": "2025-01-15T14:35:12.887+0000"
  },
  {
    "rule": {
      "level": 15,
      "description": "Sysmon - Process Creation - Renamed mimikatz.exe with SAM dump",
      "id": "184665",
      "groups": ["sysmon", "sysmon_process-creation"]
    },
    "data": {
      "win": {
        "system": {
          "providerName": "Microsoft-Windows-Sysmon",
          "providerGuid": "{5770385F-C22A-43E0-BF4C-06F5698FFBD9}",
          "eventID": "1",
          "version": "5",
          "level": "4",
          "task": "1",
          "opcode": "0",
          "keywords": "0x8000000000000000",
          "systemTime": "2025-01-15T15:01:44.223Z",
          "eventRecordID": "104612",
          "channel": "Microsoft-Windows-Sysmon/Operational",
          "computer": "WORKSTATION-01.corp.local"
        },
        "eventdata": {
          "utcTime": "2025-01-15 15:01:44.210",
          "processGuid": "{A1B2C3D4-1144-65AE-0100-000000001400}",
          "processId": "3456",
          "image": "C:\\ProgramData\\diagnostics.exe",
          "fileVersion": "2.2.0.0",
          "description": "mimikatz for Windows",
          "product": "mimikatz",
          "company": "gentilkiwi (Benjamin DELPY)",
          "originalFileName": "mimikatz.exe",
          "commandLine": "diagnostics.exe \"privilege::debug\" \"lsadump::sam\" exit",
          "currentDirectory": "C:\\ProgramData\\",
          "user": "CORP\\admin",
          "logonGuid": "{A1B2C3D4-0901-65AE-B3A2-110000000000}",
          "logonId": "0x11a2b3",
          "terminalSessionId": "1",
          "integrityLevel": "High",
          "hashes": "SHA256=9F2A8C4E6D1B3F7A0C5E2D8B4F6A1C3E7D9B0F2A4C6E8D1B3F5A7C9E0D2B4F6",
          "parentProcessGuid": "{A1B2C3D4-1130-65AE-0100-000000001250}",
          "parentProcessId": "6788",
          "parentImage": "C:\\Windows\\System32\\WindowsPowerShell\\v1.0\\powershell.exe",
          "parentCommandLine": "\"C:\\Windows\\System32\\WindowsPowerShell\\v1.0\\powershell.exe\"",
          "parentUser": "CORP\\admin"
        }
      }
    },
    "location": "EventChannel",
    "timestamp": "2025-01-15T15:01:44.223+0000"
  }
]
